<?xml version="1.0" encoding="UTF-8"?>
<coverage generated="1700469572743" clover="3.2.0">
  <project timestamp="1700469572743" name="All files">
    <metrics statements="21" coveredstatements="15" conditionals="6" coveredconditionals="2" methods="10" coveredmethods="8" elements="37" coveredelements="25" complexity="0" loc="21" ncloc="21" packages="1" files="2" classes="2"/>
    <file name="game-state.js" path="/Users/katouryoushi/project/04dev/ai-reversi/javascript/game-state.js">
      <metrics statements="20" coveredstatements="14" conditionals="6" coveredconditionals="2" methods="9" coveredmethods="7"/>
      <line num="5" count="1" type="stmt"/>
      <line num="9" count="1" type="stmt"/>
      <line num="10" count="1" type="stmt"/>
      <line num="11" count="1" type="stmt"/>
      <line num="12" count="1" type="stmt"/>
      <line num="14" count="1" type="stmt"/>
      <line num="18" count="1" type="stmt"/>
      <line num="19" count="1" type="stmt"/>
      <line num="23" count="2" type="stmt"/>
      <line num="24" count="2" type="stmt"/>
      <line num="28" count="5" type="stmt"/>
      <line num="32" count="2" type="cond" truecount="2" falsecount="0"/>
      <line num="36" count="2" type="stmt"/>
      <line num="40" count="0" type="stmt"/>
      <line num="44" count="2" type="stmt"/>
      <line num="49" count="0" type="stmt"/>
      <line num="50" count="0" type="cond" truecount="0" falsecount="2"/>
      <line num="51" count="0" type="cond" truecount="0" falsecount="2"/>
      <line num="52" count="0" type="stmt"/>
      <line num="54" count="0" type="stmt"/>
    </file>
    <file name="utilities.js" path="/Users/katouryoushi/project/04dev/ai-reversi/javascript/utilities.js">
      <metrics statements="1" coveredstatements="1" conditionals="0" coveredconditionals="0" methods="1" coveredmethods="1"/>
      <line num="5" count="3" type="stmt"/>
    </file>
  </project>
</coverage>
