TN:
SF:javascript/game-state.js
FN:4,(anonymous_0)
FN:17,(anonymous_1)
FN:22,(anonymous_2)
FN:27,(anonymous_3)
FN:31,(anonymous_4)
FN:35,(anonymous_5)
FN:39,(anonymous_6)
FN:43,(anonymous_7)
FN:48,(anonymous_8)
FNF:9
FNH:7
FNDA:1,(anonymous_0)
FNDA:1,(anonymous_1)
FNDA:2,(anonymous_2)
FNDA:5,(anonymous_3)
FNDA:2,(anonymous_4)
FNDA:2,(anonymous_5)
FNDA:0,(anonymous_6)
FNDA:2,(anonymous_7)
FNDA:0,(anonymous_8)
DA:5,1
DA:9,1
DA:10,1
DA:11,1
DA:12,1
DA:14,1
DA:18,1
DA:19,1
DA:23,2
DA:24,2
DA:28,5
DA:32,2
DA:36,2
DA:40,0
DA:44,2
DA:49,0
DA:50,0
DA:51,0
DA:52,0
DA:54,0
LF:20
LH:14
BRDA:32,0,0,1
BRDA:32,0,1,1
BRDA:50,1,0,0
BRDA:50,1,1,0
BRDA:51,2,0,0
BRDA:51,2,1,0
BRF:6
BRH:2
end_of_record
TN:
SF:javascript/utilities.js
FN:4,getRandomInt
FNF:1
FNH:1
FNDA:3,getRandomInt
DA:5,3
LF:1
LH:1
BRF:0
BRH:0
end_of_record
